0 info it worked if it ends with ok
1 verbose cli [ '/home/ubuntu/.nvm/versions/node/v6.11.2/bin/node',
1 verbose cli   '/home/ubuntu/.nvm/versions/node/v6.11.2/bin/npm',
1 verbose cli   'install',
1 verbose cli   'node' ]
2 info using npm@3.10.10
3 info using node@v6.11.2
4 silly loadCurrentTree Starting
5 silly install loadCurrentTree
6 silly install readLocalPackageData
7 silly fetchPackageMetaData node
8 silly fetchNamedPackageData node
9 silly mapToRegistry name node
10 silly mapToRegistry using default registry
11 silly mapToRegistry registry https://registry.npmjs.org/
12 silly mapToRegistry data Result {
12 silly mapToRegistry   raw: 'node',
12 silly mapToRegistry   scope: null,
12 silly mapToRegistry   escapedName: 'node',
12 silly mapToRegistry   name: 'node',
12 silly mapToRegistry   rawSpec: '',
12 silly mapToRegistry   spec: 'latest',
12 silly mapToRegistry   type: 'tag' }
13 silly mapToRegistry uri https://registry.npmjs.org/node
14 verbose request uri https://registry.npmjs.org/node
15 verbose request no auth needed
16 info attempt registry request try #1 at 4:44:44 PM
17 verbose request id fa710ce3fea66828
18 http request GET https://registry.npmjs.org/node
19 http 200 https://registry.npmjs.org/node
20 verbose headers { date: 'Thu, 11 Apr 2019 20:44:45 GMT',
20 verbose headers   'content-type': 'application/json',
20 verbose headers   'transfer-encoding': 'chunked',
20 verbose headers   connection: 'keep-alive',
20 verbose headers   'set-cookie': [ '__cfduid=d74ade893563cf6c978ec8664e0eb3fe61555015485; expires=Fri, 10-Apr-20 20:44:45 GMT; path=/; domain=.registry.npmjs.org; HttpOnly' ],
20 verbose headers   'cf-cache-status': 'HIT',
20 verbose headers   'cache-control': 'max-age=300',
20 verbose headers   'cf-ray': '4c5fccdddb1ec556-ORD',
20 verbose headers   etag: 'W/"626481dafa45472aeac27ec67180b5b1"',
20 verbose headers   'expect-ct': 'max-age=604800, report-uri="https://report-uri.cloudflare.com/cdn-cgi/beacon/expect-ct"',
20 verbose headers   'last-modified': 'Fri, 05 Apr 2019 18:07:12 GMT',
20 verbose headers   vary: 'accept-encoding, accept',
20 verbose headers   'x-amz-meta-rev': '470-5ec8ed09dcca5d6846d8587ee2df5121',
20 verbose headers   server: 'cloudflare',
20 verbose headers   'content-encoding': 'gzip' }
21 silly get cb [ 200,
21 silly get   { date: 'Thu, 11 Apr 2019 20:44:45 GMT',
21 silly get     'content-type': 'application/json',
21 silly get     'transfer-encoding': 'chunked',
21 silly get     connection: 'keep-alive',
21 silly get     'set-cookie': [ '__cfduid=d74ade893563cf6c978ec8664e0eb3fe61555015485; expires=Fri, 10-Apr-20 20:44:45 GMT; path=/; domain=.registry.npmjs.org; HttpOnly' ],
21 silly get     'cf-cache-status': 'HIT',
21 silly get     'cache-control': 'max-age=300',
21 silly get     'cf-ray': '4c5fccdddb1ec556-ORD',
21 silly get     etag: 'W/"626481dafa45472aeac27ec67180b5b1"',
21 silly get     'expect-ct': 'max-age=604800, report-uri="https://report-uri.cloudflare.com/cdn-cgi/beacon/expect-ct"',
21 silly get     'last-modified': 'Fri, 05 Apr 2019 18:07:12 GMT',
21 silly get     vary: 'accept-encoding, accept',
21 silly get     'x-amz-meta-rev': '470-5ec8ed09dcca5d6846d8587ee2df5121',
21 silly get     server: 'cloudflare',
21 silly get     'content-encoding': 'gzip' } ]
22 verbose get saving node to /home/ubuntu/.npm/registry.npmjs.org/node/.cache.json
23 verbose correctMkdir /home/ubuntu/.npm correctMkdir not in flight; initializing
24 silly install normalizeTree
25 silly loadCurrentTree Finishing
26 silly loadIdealTree Starting
27 silly install loadIdealTree
28 silly cloneCurrentTree Starting
29 silly install cloneCurrentTreeToIdealTree
30 silly cloneCurrentTree Finishing
31 silly loadShrinkwrap Starting
32 silly install loadShrinkwrap
33 silly loadShrinkwrap Finishing
34 silly loadAllDepsIntoIdealTree Starting
35 silly install loadAllDepsIntoIdealTree
36 silly resolveWithNewModule node@11.13.0 checking installable status
37 silly cache add args [ 'node', null ]
38 verbose cache add spec node
39 silly cache add parsed spec Result {
39 silly cache add   raw: 'node',
39 silly cache add   scope: null,
39 silly cache add   escapedName: 'node',
39 silly cache add   name: 'node',
39 silly cache add   rawSpec: '',
39 silly cache add   spec: 'latest',
39 silly cache add   type: 'tag' }
40 silly addNamed node@latest
41 verbose addNamed "latest" is being treated as a dist-tag for node
42 info addNameTag [ 'node', 'latest' ]
43 silly mapToRegistry name node
44 silly mapToRegistry using default registry
45 silly mapToRegistry registry https://registry.npmjs.org/
46 silly mapToRegistry data Result {
46 silly mapToRegistry   raw: 'node',
46 silly mapToRegistry   scope: null,
46 silly mapToRegistry   escapedName: 'node',
46 silly mapToRegistry   name: 'node',
46 silly mapToRegistry   rawSpec: '',
46 silly mapToRegistry   spec: 'latest',
46 silly mapToRegistry   type: 'tag' }
47 silly mapToRegistry uri https://registry.npmjs.org/node
48 verbose addNameTag registry:https://registry.npmjs.org/node not in flight; fetching
49 verbose get https://registry.npmjs.org/node not expired, no request
50 silly addNameTag next cb for node with tag latest
51 silly addNamed node@11.13.0
52 verbose addNamed "11.13.0" is a plain semver version for node
53 silly mapToRegistry name node
54 silly mapToRegistry using default registry
55 silly mapToRegistry registry https://registry.npmjs.org/
56 silly mapToRegistry data Result {
56 silly mapToRegistry   raw: 'node',
56 silly mapToRegistry   scope: null,
56 silly mapToRegistry   escapedName: 'node',
56 silly mapToRegistry   name: 'node',
56 silly mapToRegistry   rawSpec: '',
56 silly mapToRegistry   spec: 'latest',
56 silly mapToRegistry   type: 'tag' }
57 silly mapToRegistry uri https://registry.npmjs.org/node
58 verbose addRemoteTarball https://registry.npmjs.org/node/-/node-11.13.0.tgz not in flight; adding
59 verbose addRemoteTarball [ 'https://registry.npmjs.org/node/-/node-11.13.0.tgz',
59 verbose addRemoteTarball   'a5bfd5d55749b7e7795d9da2e04a9f319e29e2ab' ]
60 info retry fetch attempt 1 at 4:44:45 PM
61 info attempt registry request try #1 at 4:44:45 PM
62 http fetch GET https://registry.npmjs.org/node/-/node-11.13.0.tgz
63 http fetch 200 https://registry.npmjs.org/node/-/node-11.13.0.tgz
64 silly fetchAndShaCheck shasum a5bfd5d55749b7e7795d9da2e04a9f319e29e2ab
65 verbose addTmpTarball /tmp/npm-3558-bc24c5ba/registry.npmjs.org/node/-/node-11.13.0.tgz not in flight; adding
66 verbose addTmpTarball already have metadata; skipping unpack for node@11.13.0
67 verbose correctMkdir /home/ubuntu/.npm correctMkdir not in flight; initializing
68 silly cache afterAdd node@11.13.0
69 verbose afterAdd /home/ubuntu/.npm/node/11.13.0/package/package.json not in flight; writing
70 verbose correctMkdir /home/ubuntu/.npm correctMkdir not in flight; initializing
71 verbose afterAdd /home/ubuntu/.npm/node/11.13.0/package/package.json written
72 silly fetchNamedPackageData node-bin-setup
73 silly mapToRegistry name node-bin-setup
74 silly mapToRegistry using default registry
75 silly mapToRegistry registry https://registry.npmjs.org/
76 silly mapToRegistry data Result {
76 silly mapToRegistry   raw: 'node-bin-setup',
76 silly mapToRegistry   scope: null,
76 silly mapToRegistry   escapedName: 'node-bin-setup',
76 silly mapToRegistry   name: 'node-bin-setup',
76 silly mapToRegistry   rawSpec: '',
76 silly mapToRegistry   spec: 'latest',
76 silly mapToRegistry   type: 'tag' }
77 silly mapToRegistry uri https://registry.npmjs.org/node-bin-setup
78 verbose request uri https://registry.npmjs.org/node-bin-setup
79 verbose request no auth needed
80 info attempt registry request try #1 at 4:44:45 PM
81 http request GET https://registry.npmjs.org/node-bin-setup
82 http 200 https://registry.npmjs.org/node-bin-setup
83 verbose headers { date: 'Thu, 11 Apr 2019 20:44:45 GMT',
83 verbose headers   'content-type': 'application/json; charset=UTF-8',
83 verbose headers   'transfer-encoding': 'chunked',
83 verbose headers   connection: 'keep-alive',
83 verbose headers   'set-cookie': [ '__cfduid=d74ade893563cf6c978ec8664e0eb3fe61555015485; expires=Fri, 10-Apr-20 20:44:45 GMT; path=/; domain=.registry.npmjs.org; HttpOnly' ],
83 verbose headers   'cf-cache-status': 'HIT',
83 verbose headers   'cache-control': 'max-age=300',
83 verbose headers   'cf-ray': '4c5fcce08e7bc556-ORD',
83 verbose headers   etag: 'W/"696d6ec470fda56a33885508a280edab"',
83 verbose headers   'expect-ct': 'max-age=604800, report-uri="https://report-uri.cloudflare.com/cdn-cgi/beacon/expect-ct"',
83 verbose headers   'last-modified': 'Sun, 27 May 2018 09:55:03 GMT',
83 verbose headers   vary: 'accept-encoding, accept',
83 verbose headers   server: 'cloudflare',
83 verbose headers   'content-encoding': 'gzip' }
84 silly get cb [ 200,
84 silly get   { date: 'Thu, 11 Apr 2019 20:44:45 GMT',
84 silly get     'content-type': 'application/json; charset=UTF-8',
84 silly get     'transfer-encoding': 'chunked',
84 silly get     connection: 'keep-alive',
84 silly get     'set-cookie': [ '__cfduid=d74ade893563cf6c978ec8664e0eb3fe61555015485; expires=Fri, 10-Apr-20 20:44:45 GMT; path=/; domain=.registry.npmjs.org; HttpOnly' ],
84 silly get     'cf-cache-status': 'HIT',
84 silly get     'cache-control': 'max-age=300',
84 silly get     'cf-ray': '4c5fcce08e7bc556-ORD',
84 silly get     etag: 'W/"696d6ec470fda56a33885508a280edab"',
84 silly get     'expect-ct': 'max-age=604800, report-uri="https://report-uri.cloudflare.com/cdn-cgi/beacon/expect-ct"',
84 silly get     'last-modified': 'Sun, 27 May 2018 09:55:03 GMT',
84 silly get     vary: 'accept-encoding, accept',
84 silly get     server: 'cloudflare',
84 silly get     'content-encoding': 'gzip' } ]
85 verbose get saving node-bin-setup to /home/ubuntu/.npm/registry.npmjs.org/node-bin-setup/.cache.json
86 verbose correctMkdir /home/ubuntu/.npm correctMkdir not in flight; initializing
87 silly resolveWithNewModule node-bin-setup@1.0.6 checking installable status
88 silly cache add args [ 'node-bin-setup@^1.0.0', null ]
89 verbose cache add spec node-bin-setup@^1.0.0
90 silly cache add parsed spec Result {
90 silly cache add   raw: 'node-bin-setup@^1.0.0',
90 silly cache add   scope: null,
90 silly cache add   escapedName: 'node-bin-setup',
90 silly cache add   name: 'node-bin-setup',
90 silly cache add   rawSpec: '^1.0.0',
90 silly cache add   spec: '>=1.0.0 <2.0.0',
90 silly cache add   type: 'range' }
91 silly addNamed node-bin-setup@>=1.0.0 <2.0.0
92 verbose addNamed ">=1.0.0 <2.0.0" is a valid semver range for node-bin-setup
93 silly addNameRange { name: 'node-bin-setup',
93 silly addNameRange   range: '>=1.0.0 <2.0.0',
93 silly addNameRange   hasData: false }
94 silly mapToRegistry name node-bin-setup
95 silly mapToRegistry using default registry
96 silly mapToRegistry registry https://registry.npmjs.org/
97 silly mapToRegistry data Result {
97 silly mapToRegistry   raw: 'node-bin-setup',
97 silly mapToRegistry   scope: null,
97 silly mapToRegistry   escapedName: 'node-bin-setup',
97 silly mapToRegistry   name: 'node-bin-setup',
97 silly mapToRegistry   rawSpec: '',
97 silly mapToRegistry   spec: 'latest',
97 silly mapToRegistry   type: 'tag' }
98 silly mapToRegistry uri https://registry.npmjs.org/node-bin-setup
99 verbose addNameRange registry:https://registry.npmjs.org/node-bin-setup not in flight; fetching
100 verbose get https://registry.npmjs.org/node-bin-setup not expired, no request
101 silly addNameRange number 2 { name: 'node-bin-setup',
101 silly addNameRange   range: '>=1.0.0 <2.0.0',
101 silly addNameRange   hasData: true }
102 silly addNameRange versions [ 'node-bin-setup',
102 silly addNameRange   [ '1.0.0', '1.0.1', '1.0.2', '1.0.3', '1.0.4', '1.0.6' ] ]
103 silly addNamed node-bin-setup@1.0.6
104 verbose addNamed "1.0.6" is a plain semver version for node-bin-setup
105 silly mapToRegistry name node-bin-setup
106 silly mapToRegistry using default registry
107 silly mapToRegistry registry https://registry.npmjs.org/
108 silly mapToRegistry data Result {
108 silly mapToRegistry   raw: 'node-bin-setup',
108 silly mapToRegistry   scope: null,
108 silly mapToRegistry   escapedName: 'node-bin-setup',
108 silly mapToRegistry   name: 'node-bin-setup',
108 silly mapToRegistry   rawSpec: '',
108 silly mapToRegistry   spec: 'latest',
108 silly mapToRegistry   type: 'tag' }
109 silly mapToRegistry uri https://registry.npmjs.org/node-bin-setup
110 verbose addRemoteTarball https://registry.npmjs.org/node-bin-setup/-/node-bin-setup-1.0.6.tgz not in flight; adding
111 verbose addRemoteTarball [ 'https://registry.npmjs.org/node-bin-setup/-/node-bin-setup-1.0.6.tgz',
111 verbose addRemoteTarball   '4b5c9bb937ece702d7069b36ca78af4684677528' ]
112 info retry fetch attempt 1 at 4:44:45 PM
113 info attempt registry request try #1 at 4:44:45 PM
114 http fetch GET https://registry.npmjs.org/node-bin-setup/-/node-bin-setup-1.0.6.tgz
115 http fetch 200 https://registry.npmjs.org/node-bin-setup/-/node-bin-setup-1.0.6.tgz
116 silly fetchAndShaCheck shasum 4b5c9bb937ece702d7069b36ca78af4684677528
117 verbose addTmpTarball /tmp/npm-3558-bc24c5ba/registry.npmjs.org/node-bin-setup/-/node-bin-setup-1.0.6.tgz not in flight; adding
118 verbose addTmpTarball already have metadata; skipping unpack for node-bin-setup@1.0.6
119 verbose correctMkdir /home/ubuntu/.npm correctMkdir not in flight; initializing
120 silly cache afterAdd node-bin-setup@1.0.6
121 verbose afterAdd /home/ubuntu/.npm/node-bin-setup/1.0.6/package/package.json not in flight; writing
122 verbose correctMkdir /home/ubuntu/.npm correctMkdir not in flight; initializing
123 verbose afterAdd /home/ubuntu/.npm/node-bin-setup/1.0.6/package/package.json written
124 silly loadAllDepsIntoIdealTree Finishing
125 silly loadIdealTree Finishing
126 silly currentTree workspace
126 silly currentTree ├── 2kenizer@0.1.6
126 silly currentTree ├── active-x-obfuscator@0.0.1
126 silly currentTree ├── ajax@0.0.4
126 silly currentTree ├── async@0.2.10
126 silly currentTree ├── base64id@0.1.0
126 silly currentTree ├─┬ body-parser@1.18.3
126 silly currentTree │ ├── bytes@3.0.0
126 silly currentTree │ ├── debug@2.6.9
126 silly currentTree │ ├── ms@2.0.0
126 silly currentTree │ └── qs@6.5.2
126 silly currentTree ├── buffer-crc32@0.2.1
126 silly currentTree ├── buffer-writer@1.0.1
126 silly currentTree ├── bytes@0.2.0
126 silly currentTree ├── commander@0.6.1
126 silly currentTree ├─┬ connect@2.7.11
126 silly currentTree │ ├── cookie@0.0.5
126 silly currentTree │ └── send@0.1.1
126 silly currentTree ├── content-type@1.0.4
126 silly currentTree ├── cookie-signature@1.0.1
126 silly currentTree ├── cookie@0.1.0
126 silly currentTree ├── cors@2.8.5
126 silly currentTree ├── debug@4.1.1
126 silly currentTree ├── depd@1.1.2
126 silly currentTree ├── ee-first@1.1.1
126 silly currentTree ├── ejs@2.6.1
126 silly currentTree ├── express@3.2.6
126 silly currentTree ├── formidable@1.0.14
126 silly currentTree ├── fresh@0.1.0
126 silly currentTree ├── fs@0.0.1-security
126 silly currentTree ├── generic-pool@2.4.3
126 silly currentTree ├── http-errors@1.6.3
126 silly currentTree ├── iconv-lite@0.4.23
126 silly currentTree ├── inherits@2.0.3
126 silly currentTree ├── jquery@3.3.1
126 silly currentTree ├── js-string-escape@1.0.1
126 silly currentTree ├── js-tokens@4.0.0
126 silly currentTree ├── JSON@1.0.0
126 silly currentTree ├── loose-envify@1.4.0
126 silly currentTree ├── manakin@0.4.8
126 silly currentTree ├── media-typer@0.3.0
126 silly currentTree ├── methods@0.0.1
126 silly currentTree ├── mime-db@1.38.0
126 silly currentTree ├── mime-types@2.1.22
126 silly currentTree ├── mime@1.2.11
126 silly currentTree ├── mkdirp@0.3.4
126 silly currentTree ├── ms@2.1.1
126 silly currentTree ├── nan@1.0.0
126 silly currentTree ├── object-assign@4.1.0
126 silly currentTree ├── on-finished@2.3.0
126 silly currentTree ├── options@0.0.6
126 silly currentTree ├── packet-reader@0.3.1
126 silly currentTree ├── pause@0.0.1
126 silly currentTree ├── pg-connection-string@0.1.3
126 silly currentTree ├── pg-int8@1.0.1
126 silly currentTree ├── pg-minify@0.4.5
126 silly currentTree ├── pg-pool@1.8.0
126 silly currentTree ├── pg-types@1.13.0
126 silly currentTree ├── pg@6.2.5
126 silly currentTree ├── pgp@0.1.0
126 silly currentTree ├── pgpass@1.0.2
126 silly currentTree ├── php@0.0.1
126 silly currentTree ├── policyfile@0.0.4
126 silly currentTree ├── postgres-array@1.0.3
126 silly currentTree ├── postgres-bytea@1.0.0
126 silly currentTree ├── postgres-date@1.0.3
126 silly currentTree ├── postgres-interval@1.1.2
126 silly currentTree ├─┬ prop-types@15.7.2
126 silly currentTree │ └── object-assign@4.1.1
126 silly currentTree ├── qs@0.6.5
126 silly currentTree ├── range-parser@0.0.4
126 silly currentTree ├─┬ raw-body@2.3.3
126 silly currentTree │ └── bytes@3.0.0
126 silly currentTree ├── react-is@16.8.6
126 silly currentTree ├─┬ react@16.8.6
126 silly currentTree │ └── object-assign@4.1.1
126 silly currentTree ├── readline-sync@1.4.9
126 silly currentTree ├── readline@1.3.0
126 silly currentTree ├── redis@0.7.3
126 silly currentTree ├── safer-buffer@2.1.2
126 silly currentTree ├─┬ scheduler@0.13.6
126 silly currentTree │ └── object-assign@4.1.1
126 silly currentTree ├── semver@4.3.2
126 silly currentTree ├─┬ send@0.1.0
126 silly currentTree │ └── mime@1.2.6
126 silly currentTree ├── setprototypeof@1.1.0
126 silly currentTree ├── sjs@0.0.3
126 silly currentTree ├── socket.io-client@0.9.16
126 silly currentTree ├── socket.io@0.9.19
126 silly currentTree ├── spex@1.2.1
126 silly currentTree ├── split@1.0.1
126 silly currentTree ├── statuses@1.5.0
126 silly currentTree ├── through@2.3.8
126 silly currentTree ├── tinycolor@0.0.1
126 silly currentTree ├── type-is@1.6.16
126 silly currentTree ├── uglify-js@1.2.5
126 silly currentTree ├── underscore@1.9.1
126 silly currentTree ├── unpipe@1.0.0
126 silly currentTree ├── vary@1.1.2
126 silly currentTree ├─┬ ws@0.4.32
126 silly currentTree │ └── commander@2.1.0
126 silly currentTree ├── xmlhttprequest@1.4.2
126 silly currentTree ├── xtend@4.0.1
126 silly currentTree └── zeparser@0.0.5
127 silly idealTree workspace
127 silly idealTree ├── 2kenizer@0.1.6
127 silly idealTree ├── active-x-obfuscator@0.0.1
127 silly idealTree ├── ajax@0.0.4
127 silly idealTree ├── async@0.2.10
127 silly idealTree ├── base64id@0.1.0
127 silly idealTree ├─┬ body-parser@1.18.3
127 silly idealTree │ ├── bytes@3.0.0
127 silly idealTree │ ├── debug@2.6.9
127 silly idealTree │ ├── ms@2.0.0
127 silly idealTree │ └── qs@6.5.2
127 silly idealTree ├── buffer-crc32@0.2.1
127 silly idealTree ├── buffer-writer@1.0.1
127 silly idealTree ├── bytes@0.2.0
127 silly idealTree ├── commander@0.6.1
127 silly idealTree ├─┬ connect@2.7.11
127 silly idealTree │ ├── cookie@0.0.5
127 silly idealTree │ └── send@0.1.1
127 silly idealTree ├── content-type@1.0.4
127 silly idealTree ├── cookie-signature@1.0.1
127 silly idealTree ├── cookie@0.1.0
127 silly idealTree ├── cors@2.8.5
127 silly idealTree ├── debug@4.1.1
127 silly idealTree ├── depd@1.1.2
127 silly idealTree ├── ee-first@1.1.1
127 silly idealTree ├── ejs@2.6.1
127 silly idealTree ├── express@3.2.6
127 silly idealTree ├── formidable@1.0.14
127 silly idealTree ├── fresh@0.1.0
127 silly idealTree ├── fs@0.0.1-security
127 silly idealTree ├── generic-pool@2.4.3
127 silly idealTree ├── http-errors@1.6.3
127 silly idealTree ├── iconv-lite@0.4.23
127 silly idealTree ├── inherits@2.0.3
127 silly idealTree ├── jquery@3.3.1
127 silly idealTree ├── js-string-escape@1.0.1
127 silly idealTree ├── js-tokens@4.0.0
127 silly idealTree ├── JSON@1.0.0
127 silly idealTree ├── loose-envify@1.4.0
127 silly idealTree ├── manakin@0.4.8
127 silly idealTree ├── media-typer@0.3.0
127 silly idealTree ├── methods@0.0.1
127 silly idealTree ├── mime-db@1.38.0
127 silly idealTree ├── mime-types@2.1.22
127 silly idealTree ├── mime@1.2.11
127 silly idealTree ├── mkdirp@0.3.4
127 silly idealTree ├── ms@2.1.1
127 silly idealTree ├── nan@1.0.0
127 silly idealTree ├── node-bin-setup@1.0.6
127 silly idealTree ├── node@11.13.0
127 silly idealTree ├── object-assign@4.1.0
127 silly idealTree ├── on-finished@2.3.0
127 silly idealTree ├── options@0.0.6
127 silly idealTree ├── packet-reader@0.3.1
127 silly idealTree ├── pause@0.0.1
127 silly idealTree ├── pg-connection-string@0.1.3
127 silly idealTree ├── pg-int8@1.0.1
127 silly idealTree ├── pg-minify@0.4.5
127 silly idealTree ├── pg-pool@1.8.0
127 silly idealTree ├── pg-types@1.13.0
127 silly idealTree ├── pg@6.2.5
127 silly idealTree ├── pgp@0.1.0
127 silly idealTree ├── pgpass@1.0.2
127 silly idealTree ├── php@0.0.1
127 silly idealTree ├── policyfile@0.0.4
127 silly idealTree ├── postgres-array@1.0.3
127 silly idealTree ├── postgres-bytea@1.0.0
127 silly idealTree ├── postgres-date@1.0.3
127 silly idealTree ├── postgres-interval@1.1.2
127 silly idealTree ├─┬ prop-types@15.7.2
127 silly idealTree │ └── object-assign@4.1.1
127 silly idealTree ├── qs@0.6.5
127 silly idealTree ├── range-parser@0.0.4
127 silly idealTree ├─┬ raw-body@2.3.3
127 silly idealTree │ └── bytes@3.0.0
127 silly idealTree ├── react-is@16.8.6
127 silly idealTree ├─┬ react@16.8.6
127 silly idealTree │ └── object-assign@4.1.1
127 silly idealTree ├── readline-sync@1.4.9
127 silly idealTree ├── readline@1.3.0
127 silly idealTree ├── redis@0.7.3
127 silly idealTree ├── safer-buffer@2.1.2
127 silly idealTree ├─┬ scheduler@0.13.6
127 silly idealTree │ └── object-assign@4.1.1
127 silly idealTree ├── semver@4.3.2
127 silly idealTree ├─┬ send@0.1.0
127 silly idealTree │ └── mime@1.2.6
127 silly idealTree ├── setprototypeof@1.1.0
127 silly idealTree ├── sjs@0.0.3
127 silly idealTree ├── socket.io-client@0.9.16
127 silly idealTree ├── socket.io@0.9.19
127 silly idealTree ├── spex@1.2.1
127 silly idealTree ├── split@1.0.1
127 silly idealTree ├── statuses@1.5.0
127 silly idealTree ├── through@2.3.8
127 silly idealTree ├── tinycolor@0.0.1
127 silly idealTree ├── type-is@1.6.16
127 silly idealTree ├── uglify-js@1.2.5
127 silly idealTree ├── underscore@1.9.1
127 silly idealTree ├── unpipe@1.0.0
127 silly idealTree ├── vary@1.1.2
127 silly idealTree ├─┬ ws@0.4.32
127 silly idealTree │ └── commander@2.1.0
127 silly idealTree ├── xmlhttprequest@1.4.2
127 silly idealTree ├── xtend@4.0.1
127 silly idealTree └── zeparser@0.0.5
128 silly generateActionsToTake Starting
129 silly install generateActionsToTake
130 silly generateActionsToTake Finishing
131 silly diffTrees action count 2
132 silly diffTrees add node-bin-setup@1.0.6
133 silly diffTrees add node@11.13.0
134 silly decomposeActions action count 16
135 silly decomposeActions fetch node-bin-setup@1.0.6
136 silly decomposeActions extract node-bin-setup@1.0.6
137 silly decomposeActions test node-bin-setup@1.0.6
138 silly decomposeActions preinstall node-bin-setup@1.0.6
139 silly decomposeActions build node-bin-setup@1.0.6
140 silly decomposeActions install node-bin-setup@1.0.6
141 silly decomposeActions postinstall node-bin-setup@1.0.6
142 silly decomposeActions finalize node-bin-setup@1.0.6
143 silly decomposeActions fetch node@11.13.0
144 silly decomposeActions extract node@11.13.0
145 silly decomposeActions test node@11.13.0
146 silly decomposeActions preinstall node@11.13.0
147 silly decomposeActions build node@11.13.0
148 silly decomposeActions install node@11.13.0
149 silly decomposeActions postinstall node@11.13.0
150 silly decomposeActions finalize node@11.13.0
151 silly runTopLevelLifecycles Starting
152 silly executeActions Starting
153 silly install executeActions
154 silly doSerial global-install 0
155 silly doParallel fetch 2
156 verbose correctMkdir /home/ubuntu/.npm/_locks correctMkdir not in flight; initializing
157 verbose lock using /home/ubuntu/.npm/_locks/staging-d44a147195c19f54.lock for /home/ubuntu/workspace/node_modules/.staging
158 silly doParallel extract 2
159 silly extract node-bin-setup@1.0.6
160 silly extract node@11.13.0
161 verbose unbuild node_modules/.staging/node-bin-setup-b382ad31
162 verbose unbuild node_modules/.staging/node-d06a35d3
163 silly gentlyRm /home/ubuntu/workspace/node_modules/.staging/node-bin-setup-b382ad31 is being purged from base /home/ubuntu/workspace
164 verbose gentlyRm don't care about contents; nuking /home/ubuntu/workspace/node_modules/.staging/node-bin-setup-b382ad31
165 verbose tar unpack /home/ubuntu/.npm/node-bin-setup/1.0.6/package.tgz
166 verbose tar unpacking to /home/ubuntu/workspace/node_modules/.staging/node-bin-setup-b382ad31
167 silly gentlyRm /home/ubuntu/workspace/node_modules/.staging/node-bin-setup-b382ad31 is being purged
168 verbose gentlyRm don't care about contents; nuking /home/ubuntu/workspace/node_modules/.staging/node-bin-setup-b382ad31
169 silly gentlyRm /home/ubuntu/workspace/node_modules/.staging/node-d06a35d3 is being purged from base /home/ubuntu/workspace
170 verbose gentlyRm don't care about contents; nuking /home/ubuntu/workspace/node_modules/.staging/node-d06a35d3
171 silly gunzTarPerm modes [ '755', '644' ]
172 verbose tar unpack /home/ubuntu/.npm/node/11.13.0/package.tgz
173 verbose tar unpacking to /home/ubuntu/workspace/node_modules/.staging/node-d06a35d3
174 silly gentlyRm /home/ubuntu/workspace/node_modules/.staging/node-d06a35d3 is being purged
175 verbose gentlyRm don't care about contents; nuking /home/ubuntu/workspace/node_modules/.staging/node-d06a35d3
176 silly gunzTarPerm modes [ '755', '644' ]
177 silly gunzTarPerm extractEntry package.json
178 silly gunzTarPerm extractEntry package.json
179 silly gunzTarPerm extractEntry index.js
180 silly gunzTarPerm extractEntry installArchSpecificPackage.js
181 silly gunzTarPerm extractEntry README.md
182 silly gentlyRm /home/ubuntu/workspace/node_modules/.staging/node-bin-setup-b382ad31/node_modules is being purged
183 verbose gentlyRm don't care about contents; nuking /home/ubuntu/workspace/node_modules/.staging/node-bin-setup-b382ad31/node_modules
184 silly gentlyRm /home/ubuntu/workspace/node_modules/.staging/node-d06a35d3/node_modules is being purged
185 verbose gentlyRm don't care about contents; nuking /home/ubuntu/workspace/node_modules/.staging/node-d06a35d3/node_modules
186 silly doParallel preinstall 2
187 silly preinstall node-bin-setup@1.0.6 /home/ubuntu/workspace/node_modules/.staging/node-bin-setup-b382ad31
188 info lifecycle node-bin-setup@1.0.6~preinstall: node-bin-setup@1.0.6
189 silly preinstall node@11.13.0 /home/ubuntu/workspace/node_modules/.staging/node-d06a35d3
190 info lifecycle node@11.13.0~preinstall: node@11.13.0
191 silly lifecycle node-bin-setup@1.0.6~preinstall: no script for preinstall, continuing
192 warn lifecycle node@11.13.0~preinstall: cannot run in wd %s %s (wd=%s) node@11.13.0 node installArchSpecificPackage /home/ubuntu/workspace/node_modules/.staging/node-d06a35d3
193 silly doReverseSerial remove 0
194 silly doSerial move 0
195 silly doSerial finalize 2
196 silly finalize /home/ubuntu/workspace/node_modules/node-bin-setup
197 silly finalize /home/ubuntu/workspace/node_modules/node
198 silly doSerial build 2
199 silly build node-bin-setup@1.0.6
200 info linkStuff node-bin-setup@1.0.6
201 silly linkStuff node-bin-setup@1.0.6 has /home/ubuntu/workspace/node_modules as its parent node_modules
202 verbose linkBins node-bin-setup@1.0.6
203 verbose linkMans node-bin-setup@1.0.6
204 silly build node@11.13.0
205 info linkStuff node@11.13.0
206 silly linkStuff node@11.13.0 has /home/ubuntu/workspace/node_modules as its parent node_modules
207 verbose linkBins node@11.13.0
208 verbose link bins [ { node: 'bin/node' },
208 verbose link bins   '/home/ubuntu/workspace/node_modules/.bin',
208 verbose link bins   false ]
209 verbose linkMans node@11.13.0
210 verbose unlock done using /home/ubuntu/.npm/_locks/staging-d44a147195c19f54.lock for /home/ubuntu/workspace/node_modules/.staging
211 silly rollbackFailedOptional Starting
212 silly rollbackFailedOptional Finishing
213 silly runTopLevelLifecycles Finishing
214 silly install printInstalled
215 warn enoent ENOENT: no such file or directory, open '/home/ubuntu/workspace/package.json'
216 verbose enoent ENOENT: no such file or directory, open '/home/ubuntu/workspace/package.json'
216 verbose enoent This is most likely not a problem with npm itself
216 verbose enoent and is related to npm not being able to find a file.
217 warn workspace No description
218 verbose If you need help, you may report this error at:
218 verbose     <https://github.com/npm/npm/issues>
219 warn workspace No repository field.
220 verbose If you need help, you may report this error at:
220 verbose     <https://github.com/npm/npm/issues>
221 warn workspace No README data
222 verbose If you need help, you may report this error at:
222 verbose     <https://github.com/npm/npm/issues>
223 warn workspace No license field.
224 verbose If you need help, you may report this error at:
224 verbose     <https://github.com/npm/npm/issues>
225 verbose stack Error: ENOENT: no such file or directory, chmod '/home/ubuntu/workspace/node_modules/node/bin/node'
225 verbose stack     at Error (native)
226 verbose cwd /home/ubuntu/workspace/react/react-app
227 error Linux 4.9.120-c9
228 error argv "/home/ubuntu/.nvm/versions/node/v6.11.2/bin/node" "/home/ubuntu/.nvm/versions/node/v6.11.2/bin/npm" "install" "node"
229 error node v6.11.2
230 error npm  v3.10.10
231 error path /home/ubuntu/workspace/node_modules/node/bin/node
232 error code ENOENT
233 error errno -2
234 error syscall chmod
235 error enoent ENOENT: no such file or directory, chmod '/home/ubuntu/workspace/node_modules/node/bin/node'
236 error enoent ENOENT: no such file or directory, chmod '/home/ubuntu/workspace/node_modules/node/bin/node'
236 error enoent This is most likely not a problem with npm itself
236 error enoent and is related to npm not being able to find a file.
237 verbose exit [ -2, true ]
